#-----------------------------------------------------------
# Vivado v2018.3 (64-bit)
# SW Build 2405991 on Thu Dec  6 23:38:27 MST 2018
# IP Build 2404404 on Fri Dec  7 01:43:56 MST 2018
# Start of session at: Wed Nov  6 20:35:34 2019
# Process ID: 9704
# Current directory: C:/Users/26983/Desktop/pld3
# Command line: vivado.exe -gui_launcher_event rodinguilauncherevent20844 C:\Users\26983\Desktop\pld3\pld3.xpr
# Log file: C:/Users/26983/Desktop/pld3/vivado.log
# Journal file: C:/Users/26983/Desktop/pld3\vivado.jou
#-----------------------------------------------------------
start_gui
open_project C:/Users/26983/Desktop/pld3/pld3.xpr
Scanning sources...
Finished scanning sources
INFO: [IP_Flow 19-234] Refreshing IP repositories
INFO: [IP_Flow 19-1700] Loaded user IP repository 'c:/Users/26983/Desktop/SEA开发板使用教程v1.6/SEA开发板使用教程/FPGA的样例工程（放在英文路径）/IP'.
INFO: [IP_Flow 19-2313] Loaded Vivado IP repository 'D:/Vivado/2018.3/data/ip'.
open_project: Time (s): cpu = 00:00:21 ; elapsed = 00:00:10 . Memory (MB): peak = 726.723 ; gain = 127.492
update_compile_order -fileset sources_1
exit
INFO: [Common 17-206] Exiting Vivado at Wed Nov  6 20:36:30 2019...
