#-----------------------------------------------------------
# Vivado v2018.3 (64-bit)
# SW Build 2405991 on Thu Dec  6 23:38:27 MST 2018
# IP Build 2404404 on Fri Dec  7 01:43:56 MST 2018
# Start of session at: Wed Nov  6 19:16:11 2019
# Process ID: 9804
# Current directory: C:/Users/26983/Desktop/pld3
# Command line: vivado.exe -gui_launcher_event rodinguilauncherevent18392 C:\Users\26983\Desktop\pld3\pld3.xpr
# Log file: C:/Users/26983/Desktop/pld3/vivado.log
# Journal file: C:/Users/26983/Desktop/pld3\vivado.jou
#-----------------------------------------------------------
start_gui
open_project C:/Users/26983/Desktop/pld3/pld3.xpr
Scanning sources...
Finished scanning sources
INFO: [IP_Flow 19-234] Refreshing IP repositories
INFO: [IP_Flow 19-1700] Loaded user IP repository 'c:/Users/26983/Desktop/SEA开发板使用教程v1.6/SEA开发板使用教程/FPGA的样例工程（放在英文路径）/IP'.
INFO: [IP_Flow 19-2313] Loaded Vivado IP repository 'D:/Vivado/2018.3/data/ip'.
open_project: Time (s): cpu = 00:00:22 ; elapsed = 00:00:12 . Memory (MB): peak = 766.531 ; gain = 163.082
update_compile_order -fileset sources_1
export_ip_user_files -of_objects  [get_files C:/Users/26983/Desktop/pld3/pld3.srcs/sources_1/new/Picture.v] -no_script -reset -force -quiet
remove_files  C:/Users/26983/Desktop/pld3/pld3.srcs/sources_1/new/Picture.v
reset_run synth_3
launch_runs impl_3 -jobs 2
[Wed Nov  6 19:23:03 2019] Launched synth_3...
Run output will be captured here: C:/Users/26983/Desktop/pld3/pld3.runs/synth_3/runme.log
[Wed Nov  6 19:23:03 2019] Launched impl_3...
Run output will be captured here: C:/Users/26983/Desktop/pld3/pld3.runs/impl_3/runme.log
reset_run synth_3
launch_runs impl_3 -jobs 2
[Wed Nov  6 19:27:47 2019] Launched synth_3...
Run output will be captured here: C:/Users/26983/Desktop/pld3/pld3.runs/synth_3/runme.log
[Wed Nov  6 19:27:47 2019] Launched impl_3...
Run output will be captured here: C:/Users/26983/Desktop/pld3/pld3.runs/impl_3/runme.log
reset_run synth_3
launch_runs impl_3 -jobs 2
[Wed Nov  6 19:33:16 2019] Launched synth_3...
Run output will be captured here: C:/Users/26983/Desktop/pld3/pld3.runs/synth_3/runme.log
[Wed Nov  6 19:33:16 2019] Launched impl_3...
Run output will be captured here: C:/Users/26983/Desktop/pld3/pld3.runs/impl_3/runme.log
reset_run impl_3
launch_runs impl_3 -jobs 2
[Wed Nov  6 19:38:09 2019] Launched impl_3...
Run output will be captured here: C:/Users/26983/Desktop/pld3/pld3.runs/impl_3/runme.log
exit
INFO: [Common 17-206] Exiting Vivado at Wed Nov  6 19:42:28 2019...
